2026-05-24T12:22:35+0300 INFO: Запуск процесса из студии разработки. D:\hackaton\test_project\process\Процесс 1.json
2026-05-24T12:22:36+0300 INFO: Старт робота: D:\hackaton\test_project\resource\18d1989d-9c64-4120-afad-ce4ab23554a2\cog_343.py
2026-05-24T12:22:39+0300 INFO: Завершение работы робота: D:\hackaton\test_project\resource\18d1989d-9c64-4120-afad-ce4ab23554a2\cog_343.py
2026-05-24T12:22:39+0300 INFO: Завершение выполнения процесса. D:\hackaton\test_project\process\Процесс 1.json
2026-05-24T12:33:15+0300 INFO: Запуск процесса из студии разработки. D:\hackaton\test_project\process\Процесс 1.json
2026-05-24T12:33:16+0300 INFO: Старт робота: D:\hackaton\test_project\resource\f6f225e5-e5e6-47b5-979f-5f375e37a1d3\cog_343.py
2026-05-24T12:33:21+0300 INFO: Завершение работы робота: D:\hackaton\test_project\resource\f6f225e5-e5e6-47b5-979f-5f375e37a1d3\cog_343.py
2026-05-24T12:33:21+0300 INFO: Завершение выполнения процесса. D:\hackaton\test_project\process\Процесс 1.json
2026-05-24T12:51:38+0300 INFO: Запуск процесса из студии разработки. D:\hackaton\test_project\process\Процесс 1.json
2026-05-24T12:51:39+0300 INFO: Старт робота: D:\hackaton\test_project\resource\4151a42f-1ebb-412f-977d-686f2df8a4b8\cog_343.py
2026-05-24T12:51:42+0300 INFO: Завершение работы робота: D:\hackaton\test_project\resource\4151a42f-1ebb-412f-977d-686f2df8a4b8\cog_343.py
2026-05-24T12:51:42+0300 INFO: Завершение выполнения процесса. D:\hackaton\test_project\process\Процесс 1.json
2026-05-24T12:55:59+0300 INFO: Запуск процесса из студии разработки. D:\hackaton\test_project\process\Процесс 1.json
2026-05-24T12:56:01+0300 INFO: Старт робота: D:\hackaton\test_project\resource\869b9d6e-dd8c-4544-be09-b4d346ff590e\cog_343.py
2026-05-24T12:56:04+0300 INFO: Завершение работы робота: D:\hackaton\test_project\resource\869b9d6e-dd8c-4544-be09-b4d346ff590e\cog_343.py
2026-05-24T12:56:04+0300 INFO: Завершение выполнения процесса. D:\hackaton\test_project\process\Процесс 1.json
2026-05-24T13:04:59+0300 INFO: Запуск процесса из студии разработки. D:\hackaton\test_project\process\Процесс 1.json
2026-05-24T13:05:00+0300 INFO: Старт робота: D:\hackaton\test_project\resource\88519e68-0162-43eb-bd31-e4e93bbe8a62\cog_343.py
2026-05-24T13:05:03+0300 INFO: Завершение работы робота: D:\hackaton\test_project\resource\88519e68-0162-43eb-bd31-e4e93bbe8a62\cog_343.py
2026-05-24T13:05:04+0300 INFO: Завершение выполнения процесса. D:\hackaton\test_project\process\Процесс 1.json
2026-05-24T13:06:10+0300 INFO: Запуск процесса из студии разработки. D:\hackaton\test_project\process\Процесс 1.json
2026-05-24T13:06:10+0300 INFO: Старт робота: D:\hackaton\test_project\resource\b2da78ff-f6dd-488f-8b06-826cf352e55d\cog_343.py
2026-05-24T13:06:13+0300 INFO: Завершение работы робота: D:\hackaton\test_project\resource\b2da78ff-f6dd-488f-8b06-826cf352e55d\cog_343.py
2026-05-24T13:06:13+0300 INFO: Завершение выполнения процесса. D:\hackaton\test_project\process\Процесс 1.json
2026-05-24T13:06:53+0300 INFO: Запуск процесса из студии разработки. D:\hackaton\test_project\process\Процесс 1.json
2026-05-24T13:06:54+0300 INFO: Старт робота: D:\hackaton\test_project\resource\8b7866cb-9ad4-4624-bce9-6febca6e3ab6\cog_343.py
2026-05-24T13:06:57+0300 INFO: Завершение работы робота: D:\hackaton\test_project\resource\8b7866cb-9ad4-4624-bce9-6febca6e3ab6\cog_343.py
2026-05-24T13:06:57+0300 INFO: Завершение выполнения процесса. D:\hackaton\test_project\process\Процесс 1.json
2026-05-24T13:22:33+0300 INFO: Запуск процесса из студии разработки. D:\hackaton\test_project\process\Процесс 1.json
2026-05-24T13:22:37+0300 INFO: Старт робота: D:\hackaton\test_project\resource\14f833c1-9c38-4764-a84c-ee3acf740988\cog_343.py
2026-05-24T13:22:51+0300 INFO: Завершение работы робота: D:\hackaton\test_project\resource\14f833c1-9c38-4764-a84c-ee3acf740988\cog_343.py
2026-05-24T13:22:52+0300 INFO: Завершение выполнения процесса. D:\hackaton\test_project\process\Процесс 1.json
